<?xml version="1.0" encoding="UTF-8"?>
<!-- Generated by org.testng.reporters.JUnitXMLReporter -->
<testsuite ignored="0" hostname="DESKTOP-D9EGN3G" failures="1" tests="6" name="Parallel test" time="37.829" errors="0" timestamp="2024-06-13T22:43:59 IST">
  <testcase classname="testscript.LoginTest" name="verifyTheInvalidCredentials" time="1.136"/>
  <testcase classname="testscript.LoginTest" name="verifyTheInvalidPassword" time="0.719"/>
  <testcase classname="testscript.LoginTest" name="verifyTheInvalidUsername" time="0.0">
    <failure type="org.testng.TestNGException" message="
Parameter &amp;apos;username&amp;apos; is required by @Test on method verifyTheInvalidUsername but has not been marked @Optional or defined
in C:\Users\Simin\eclipse-workspace\GroceryProject\parallel.xml">
      <![CDATA[org.testng.TestNGException: 
Parameter 'username' is required by @Test on method verifyTheInvalidUsername but has not been marked @Optional or defined
in C:\Users\Simin\eclipse-workspace\GroceryProject\parallel.xml
at java.base/java.util.ArrayList.forEach(ArrayList.java:1511)
... Removed 26 stack frames]]>
    </failure>
  </testcase> <!-- verifyTheInvalidUsername -->
  <testcase classname="testscript.LoginTest" name="verifyTheUserAbleToLoginValidCredentials" time="3.256"/>
  <testcase classname="testscript.AdminUsersTest" name="verifyTheUserAbleToLoginValidCredentials" time="4.379"/>
  <testcase classname="testscript.CategoryTest" name="verifyTheUserAbleToLoginValidCredentials" time="3.549"/>
</testsuite> <!-- Parallel test -->
